PRSice 2.3.5 (2021-09-20) 
https://github.com/choishingwan/PRSice
(C) 2016-2020 Shing Wan (Sam) Choi and Paul F. O'Reilly
GNU General Public License v3
If you use PRSice in any published work, please cite:
Choi SW, O'Reilly PF.
PRSice-2: Polygenic Risk Score Software for Biobank-Scale Data.
GigaScience 8, no. 7 (July 1, 2019)
2025-12-09 18:10:48
/mnt/lustre/groups/CBBI0818/TZ/data/prset/PRSice_linux \
    --a1 A1 \
    --a2 A2 \
    --bar-levels 1 \
    --base /mnt/lustre/groups/CBBI0818/TZ/data/prset/gcta_mlma_results.mlma \
    --beta  \
    --binary-target F \
    --bp bp \
    --chr Chr \
    --clump-kb 250kb \
    --clump-p 1.000000 \
    --clump-r2 0.100000 \
    --feature exon,gene,protein_coding,CDS \
    --gtf /mnt/lustre/groups/CBBI0818/TZ/data/prset/Homo_sapiens.GRCh38.110.gtf \
    --msigdb /mnt/lustre/groups/CBBI0818/TZ/data/prset/c2.cp.kegg_legacy.v2023.2.Hs.symbols.gmt \
    --num-auto 22 \
    --out /mnt/lustre/groups/CBBI0818/TZ/data/prset/prset_results_20251209_180352/kegg \
    --pvalue p \
    --seed 330856754 \
    --set-perm 5000 \
    --snp SNP \
    --stat b \
    --target /mnt/lustre/groups/CBBI0818/TZ/data/prset/data_without_qcfinal \
    --thread 16

Initializing Genotype file: 
/mnt/lustre/groups/CBBI0818/TZ/data/prset/data_without_qcfinal 
(bed) 

Start processing gcta_mlma_results 
================================================== 

Base file: 
/mnt/lustre/groups/CBBI0818/TZ/data/prset/gcta_mlma_results.mlma 
Header of file is: 
Chr	SNP	bp	A1	A2	Freq	b	se	p 

8376387 variant(s) observed in base file, with: 
25004 NA stat/p-value observed 
1325512 ambiguous variant(s) excluded 
7025871 total variant(s) included from base file 

Loading Genotype info from target 
================================================== 

1527 people (714 male(s), 813 female(s)) observed 
1527 founder(s) included 

1431274 variant(s) not found in previous data 
7025871 variant(s) included 

Start processing gene set information 
================================================== 

Loading 
/mnt/lustre/groups/CBBI0818/TZ/data/prset/c2.cp.kegg_legacy.v2023.2.Hs.symbols.gmt 
(MSigDB) 

Loading GTF file: 
/mnt/lustre/groups/CBBI0818/TZ/data/prset/Homo_sapiens.GRCh38.110.gtf 

A total of 823926 entries removed due to feature selection 
A total of 99618 entries removed as they are not on 
autosomal chromosome 

A total of 186 regions plus the base region are included 

There are a total of 1 phenotype to process 

Start performing clumping 

Number of variant(s) after clumping : 752434 

Processing the 1 th phenotype 

Phenotype is a continuous phenotype 
1527 sample(s) with valid phenotype 

Start competitive permutation 

Running permutation with 16 threads 

There are 54 region(s)/phenotype(s) with p-value > 0.1 (not 
significant); 82 region(s) with p-value between 0.1 and 
1e-5 (may not be significant); and 51 region(s) with 
p-value less than 1e-5. 

